-------------------------------------------------------------------------------
Test set: com.example.sweater.controller.TagControllerIntegrationTests
-------------------------------------------------------------------------------
Tests run: 1, Failures: 1, Errors: 0, Skipped: 0, Time elapsed: 7.461 s <<< FAILURE! - in com.example.sweater.controller.TagControllerIntegrationTests
findAllTest(com.example.sweater.controller.TagControllerIntegrationTests)  Time elapsed: 0.142 s  <<< FAILURE!
java.lang.AssertionError: Status expected:<200> but was:<401>
	at com.example.sweater.controller.TagControllerIntegrationTests.findAllTest(TagControllerIntegrationTests.java:35)

