-------------------------------------------------------------------------------
Test set: com.example.sweater.service.TodoServiceIntegrationTest
-------------------------------------------------------------------------------
Tests run: 10, Failures: 0, Errors: 10, Skipped: 0, Time elapsed: 0.667 s <<< FAILURE! - in com.example.sweater.service.TodoServiceIntegrationTest
search(com.example.sweater.service.TodoServiceIntegrationTest)  Time elapsed: 0.049 s  <<< ERROR!
org.springframework.dao.InvalidDataAccessResourceUsageException: could not extract ResultSet; SQL [n/a]; nested exception is org.hibernate.exception.SQLGrammarException: could not extract ResultSet
	at com.example.sweater.service.TodoServiceIntegrationTest.search(TodoServiceIntegrationTest.java:187)
Caused by: org.hibernate.exception.SQLGrammarException: could not extract ResultSet
	at com.example.sweater.service.TodoServiceIntegrationTest.search(TodoServiceIntegrationTest.java:187)
Caused by: org.postgresql.util.PSQLException: 
ОШИБКА: отношение "todos" не существует
  Position: 15
	at com.example.sweater.service.TodoServiceIntegrationTest.search(TodoServiceIntegrationTest.java:187)

findAll(com.example.sweater.service.TodoServiceIntegrationTest)  Time elapsed: 0.154 s  <<< ERROR!
org.springframework.dao.InvalidDataAccessResourceUsageException: could not extract ResultSet; SQL [n/a]; nested exception is org.hibernate.exception.SQLGrammarException: could not extract ResultSet
	at com.example.sweater.service.TodoServiceIntegrationTest.findAll(TodoServiceIntegrationTest.java:49)
Caused by: org.hibernate.exception.SQLGrammarException: could not extract ResultSet
	at com.example.sweater.service.TodoServiceIntegrationTest.findAll(TodoServiceIntegrationTest.java:49)
Caused by: org.postgresql.util.PSQLException: 
ОШИБКА: отношение "todos" не существует
  Position: 159
	at com.example.sweater.service.TodoServiceIntegrationTest.findAll(TodoServiceIntegrationTest.java:49)

findById(com.example.sweater.service.TodoServiceIntegrationTest)  Time elapsed: 0.093 s  <<< ERROR!
org.springframework.dao.InvalidDataAccessResourceUsageException: could not extract ResultSet; SQL [n/a]; nested exception is org.hibernate.exception.SQLGrammarException: could not extract ResultSet
	at com.example.sweater.service.TodoServiceIntegrationTest.findById(TodoServiceIntegrationTest.java:58)
Caused by: org.hibernate.exception.SQLGrammarException: could not extract ResultSet
	at com.example.sweater.service.TodoServiceIntegrationTest.findById(TodoServiceIntegrationTest.java:58)
Caused by: org.postgresql.util.PSQLException: 
ОШИБКА: отношение "todos" не существует
  Position: 169
	at com.example.sweater.service.TodoServiceIntegrationTest.findById(TodoServiceIntegrationTest.java:58)

updateTodo(com.example.sweater.service.TodoServiceIntegrationTest)  Time elapsed: 0.028 s  <<< ERROR!
org.springframework.dao.InvalidDataAccessResourceUsageException: could not extract ResultSet; SQL [n/a]; nested exception is org.hibernate.exception.SQLGrammarException: could not extract ResultSet
	at com.example.sweater.service.TodoServiceIntegrationTest.updateTodo(TodoServiceIntegrationTest.java:105)
Caused by: org.hibernate.exception.SQLGrammarException: could not extract ResultSet
	at com.example.sweater.service.TodoServiceIntegrationTest.updateTodo(TodoServiceIntegrationTest.java:105)
Caused by: org.postgresql.util.PSQLException: 
ОШИБКА: отношение "todos" не существует
  Position: 34
	at com.example.sweater.service.TodoServiceIntegrationTest.updateTodo(TodoServiceIntegrationTest.java:105)

save(com.example.sweater.service.TodoServiceIntegrationTest)  Time elapsed: 0.056 s  <<< ERROR!
org.springframework.dao.InvalidDataAccessResourceUsageException: could not extract ResultSet; SQL [n/a]; nested exception is org.hibernate.exception.SQLGrammarException: could not extract ResultSet
	at com.example.sweater.service.TodoServiceIntegrationTest.save(TodoServiceIntegrationTest.java:73)
Caused by: org.hibernate.exception.SQLGrammarException: could not extract ResultSet
	at com.example.sweater.service.TodoServiceIntegrationTest.save(TodoServiceIntegrationTest.java:73)
Caused by: org.postgresql.util.PSQLException: 
ОШИБКА: отношение "hibernate_sequence" не существует
  Position: 17
	at com.example.sweater.service.TodoServiceIntegrationTest.save(TodoServiceIntegrationTest.java:73)

findByTextLike(com.example.sweater.service.TodoServiceIntegrationTest)  Time elapsed: 0.058 s  <<< ERROR!
org.springframework.dao.InvalidDataAccessResourceUsageException: could not extract ResultSet; SQL [n/a]; nested exception is org.hibernate.exception.SQLGrammarException: could not extract ResultSet
	at com.example.sweater.service.TodoServiceIntegrationTest.findByTextLike(TodoServiceIntegrationTest.java:144)
Caused by: org.hibernate.exception.SQLGrammarException: could not extract ResultSet
	at com.example.sweater.service.TodoServiceIntegrationTest.findByTextLike(TodoServiceIntegrationTest.java:144)
Caused by: org.postgresql.util.PSQLException: 
ОШИБКА: отношение "todos" не существует
  Position: 15
	at com.example.sweater.service.TodoServiceIntegrationTest.findByTextLike(TodoServiceIntegrationTest.java:144)

checkTodoForUser(com.example.sweater.service.TodoServiceIntegrationTest)  Time elapsed: 0.055 s  <<< ERROR!
org.springframework.dao.InvalidDataAccessResourceUsageException: could not extract ResultSet; SQL [n/a]; nested exception is org.hibernate.exception.SQLGrammarException: could not extract ResultSet
	at com.example.sweater.service.TodoServiceIntegrationTest.checkTodoForUser(TodoServiceIntegrationTest.java:157)
Caused by: org.hibernate.exception.SQLGrammarException: could not extract ResultSet
	at com.example.sweater.service.TodoServiceIntegrationTest.checkTodoForUser(TodoServiceIntegrationTest.java:157)
Caused by: org.postgresql.util.PSQLException: 
ОШИБКА: отношение "todos" не существует
  Position: 159
	at com.example.sweater.service.TodoServiceIntegrationTest.checkTodoForUser(TodoServiceIntegrationTest.java:157)

createTodo(com.example.sweater.service.TodoServiceIntegrationTest)  Time elapsed: 0.091 s  <<< ERROR!
org.springframework.dao.InvalidDataAccessResourceUsageException: could not extract ResultSet; SQL [n/a]; nested exception is org.hibernate.exception.SQLGrammarException: could not extract ResultSet
	at com.example.sweater.service.TodoServiceIntegrationTest.createTodo(TodoServiceIntegrationTest.java:89)
Caused by: org.hibernate.exception.SQLGrammarException: could not extract ResultSet
	at com.example.sweater.service.TodoServiceIntegrationTest.createTodo(TodoServiceIntegrationTest.java:89)
Caused by: org.postgresql.util.PSQLException: 
ОШИБКА: отношение "tags" не существует
  Position: 68
	at com.example.sweater.service.TodoServiceIntegrationTest.createTodo(TodoServiceIntegrationTest.java:89)

countTodoForUser(com.example.sweater.service.TodoServiceIntegrationTest)  Time elapsed: 0.02 s  <<< ERROR!
org.springframework.dao.InvalidDataAccessResourceUsageException: could not extract ResultSet; SQL [n/a]; nested exception is org.hibernate.exception.SQLGrammarException: could not extract ResultSet
	at com.example.sweater.service.TodoServiceIntegrationTest.countTodoForUser(TodoServiceIntegrationTest.java:130)
Caused by: org.hibernate.exception.SQLGrammarException: could not extract ResultSet
	at com.example.sweater.service.TodoServiceIntegrationTest.countTodoForUser(TodoServiceIntegrationTest.java:130)
Caused by: org.postgresql.util.PSQLException: 
ОШИБКА: отношение "todos" не существует
  Position: 26
	at com.example.sweater.service.TodoServiceIntegrationTest.countTodoForUser(TodoServiceIntegrationTest.java:130)

deleteById(com.example.sweater.service.TodoServiceIntegrationTest)  Time elapsed: 0.053 s  <<< ERROR!
org.springframework.dao.InvalidDataAccessResourceUsageException: could not extract ResultSet; SQL [n/a]; nested exception is org.hibernate.exception.SQLGrammarException: could not extract ResultSet
	at com.example.sweater.service.TodoServiceIntegrationTest.deleteById(TodoServiceIntegrationTest.java:116)
Caused by: org.hibernate.exception.SQLGrammarException: could not extract ResultSet
	at com.example.sweater.service.TodoServiceIntegrationTest.deleteById(TodoServiceIntegrationTest.java:116)
Caused by: org.postgresql.util.PSQLException: 
ОШИБКА: отношение "todos_to_tags" не существует
  Position: 22
	at com.example.sweater.service.TodoServiceIntegrationTest.deleteById(TodoServiceIntegrationTest.java:116)

