-------------------------------------------------------------------------------
Test set: com.example.sweater.service.UserServiceIntegrationTest
-------------------------------------------------------------------------------
Tests run: 6, Failures: 0, Errors: 6, Skipped: 0, Time elapsed: 0.471 s <<< FAILURE! - in com.example.sweater.service.UserServiceIntegrationTest
findAll(com.example.sweater.service.UserServiceIntegrationTest)  Time elapsed: 0.069 s  <<< ERROR!
org.springframework.dao.InvalidDataAccessResourceUsageException: could not extract ResultSet; SQL [n/a]; nested exception is org.hibernate.exception.SQLGrammarException: could not extract ResultSet
	at com.example.sweater.service.UserServiceIntegrationTest.findAll(UserServiceIntegrationTest.java:43)
Caused by: org.hibernate.exception.SQLGrammarException: could not extract ResultSet
	at com.example.sweater.service.UserServiceIntegrationTest.findAll(UserServiceIntegrationTest.java:43)
Caused by: org.postgresql.util.PSQLException: 
ОШИБКА: отношение "usrs" не существует
  Position: 102
	at com.example.sweater.service.UserServiceIntegrationTest.findAll(UserServiceIntegrationTest.java:43)

findById(com.example.sweater.service.UserServiceIntegrationTest)  Time elapsed: 0.097 s  <<< ERROR!
org.springframework.dao.InvalidDataAccessResourceUsageException: could not extract ResultSet; SQL [n/a]; nested exception is org.hibernate.exception.SQLGrammarException: could not extract ResultSet
	at com.example.sweater.service.UserServiceIntegrationTest.findById(UserServiceIntegrationTest.java:52)
Caused by: org.hibernate.exception.SQLGrammarException: could not extract ResultSet
	at com.example.sweater.service.UserServiceIntegrationTest.findById(UserServiceIntegrationTest.java:52)
Caused by: org.postgresql.util.PSQLException: 
ОШИБКА: отношение "usrs" не существует
  Position: 108
	at com.example.sweater.service.UserServiceIntegrationTest.findById(UserServiceIntegrationTest.java:52)

updateUserTodo(com.example.sweater.service.UserServiceIntegrationTest)  Time elapsed: 0.162 s  <<< ERROR!
org.springframework.dao.InvalidDataAccessResourceUsageException: could not extract ResultSet; SQL [n/a]; nested exception is org.hibernate.exception.SQLGrammarException: could not extract ResultSet
	at com.example.sweater.service.UserServiceIntegrationTest.updateUserTodo(UserServiceIntegrationTest.java:86)
Caused by: org.hibernate.exception.SQLGrammarException: could not extract ResultSet
	at com.example.sweater.service.UserServiceIntegrationTest.updateUserTodo(UserServiceIntegrationTest.java:86)
Caused by: org.postgresql.util.PSQLException: 
ОШИБКА: отношение "usrs" не существует
  Position: 108
	at com.example.sweater.service.UserServiceIntegrationTest.updateUserTodo(UserServiceIntegrationTest.java:86)

createUserTodo(com.example.sweater.service.UserServiceIntegrationTest)  Time elapsed: 0.074 s  <<< ERROR!
org.springframework.dao.InvalidDataAccessResourceUsageException: could not extract ResultSet; SQL [n/a]; nested exception is org.hibernate.exception.SQLGrammarException: could not extract ResultSet
	at com.example.sweater.service.UserServiceIntegrationTest.createUserTodo(UserServiceIntegrationTest.java:69)
Caused by: org.hibernate.exception.SQLGrammarException: could not extract ResultSet
	at com.example.sweater.service.UserServiceIntegrationTest.createUserTodo(UserServiceIntegrationTest.java:69)
Caused by: org.postgresql.util.PSQLException: 
ОШИБКА: отношение "tags" не существует
  Position: 68
	at com.example.sweater.service.UserServiceIntegrationTest.createUserTodo(UserServiceIntegrationTest.java:69)

findAllUserBean(com.example.sweater.service.UserServiceIntegrationTest)  Time elapsed: 0.029 s  <<< ERROR!
org.springframework.dao.InvalidDataAccessResourceUsageException: could not extract ResultSet; SQL [n/a]; nested exception is org.hibernate.exception.SQLGrammarException: could not extract ResultSet
	at com.example.sweater.service.UserServiceIntegrationTest.findAllUserBean(UserServiceIntegrationTest.java:107)
Caused by: org.hibernate.exception.SQLGrammarException: could not extract ResultSet
	at com.example.sweater.service.UserServiceIntegrationTest.findAllUserBean(UserServiceIntegrationTest.java:107)
Caused by: org.postgresql.util.PSQLException: 
ОШИБКА: отношение "usrs" не существует
  Position: 102
	at com.example.sweater.service.UserServiceIntegrationTest.findAllUserBean(UserServiceIntegrationTest.java:107)

deleteById(com.example.sweater.service.UserServiceIntegrationTest)  Time elapsed: 0.03 s  <<< ERROR!
org.springframework.dao.InvalidDataAccessResourceUsageException: could not extract ResultSet; SQL [n/a]; nested exception is org.hibernate.exception.SQLGrammarException: could not extract ResultSet
	at com.example.sweater.service.UserServiceIntegrationTest.deleteById(UserServiceIntegrationTest.java:96)
Caused by: org.hibernate.exception.SQLGrammarException: could not extract ResultSet
	at com.example.sweater.service.UserServiceIntegrationTest.deleteById(UserServiceIntegrationTest.java:96)
Caused by: org.postgresql.util.PSQLException: 
ОШИБКА: отношение "todos" не существует
  Position: 34
	at com.example.sweater.service.UserServiceIntegrationTest.deleteById(UserServiceIntegrationTest.java:96)

