<?xml version="1.0" encoding="UTF-8"?>
<testsuite xmlns:xsi="http://www.w3.org/2001/XMLSchema-instance" xsi:noNamespaceSchemaLocation="https://maven.apache.org/surefire/maven-surefire-plugin/xsd/surefire-test-report.xsd" name="com.example.sweater.repository.custom.TodoCustomRepositoryTest" time="2.129" tests="1" errors="1" skipped="0" failures="0">
  <properties>
[...]
</properties>
  <testcase name="search" classname="com.example.sweater.repository.custom.TodoCustomRepositoryTest" time="0.276">
    <error message="could not extract ResultSet; SQL [n/a]; nested exception is org.hibernate.exception.SQLGrammarException: could not extract ResultSet" type="org.springframework.dao.InvalidDataAccessResourceUsageException">org.springframework.dao.InvalidDataAccessResourceUsageException: could not extract ResultSet; SQL [n/a]; nested exception is org.hibernate.exception.SQLGrammarException: could not extract ResultSet
	at com.example.sweater.repository.custom.TodoCustomRepositoryTest.search(TodoCustomRepositoryTest.java:34)
Caused by: org.hibernate.exception.SQLGrammarException: could not extract ResultSet
	at com.example.sweater.repository.custom.TodoCustomRepositoryTest.search(TodoCustomRepositoryTest.java:34)
Caused by: org.postgresql.util.PSQLException: 
ОШИБКА: отношение "todos" не существует
  Position: 15
	at com.example.sweater.repository.custom.TodoCustomRepositoryTest.search(TodoCustomRepositoryTest.java:34)
</error>
    <system-out><![CDATA[2020-09-15 15:27:35.524  INFO 3988 --- [           main] .b.t.c.SpringBootTestContextBootstrapper : Neither @ContextConfiguration nor @ContextHierarchy found for test class [com.example.sweater.repository.custom.TodoCustomRepositoryTest], using SpringBootContextLoader
2020-09-15 15:27:35.524  INFO 3988 --- [           main] o.s.t.c.support.AbstractContextLoader    : Could not detect default resource locations for test class [com.example.sweater.repository.custom.TodoCustomRepositoryTest]: no resource found for suffixes {-context.xml, Context.groovy}.
2020-09-15 15:27:35.525  INFO 3988 --- [           main] t.c.s.AnnotationConfigContextLoaderUtils : Could not detect default configuration classes for test class [com.example.sweater.repository.custom.TodoCustomRepositoryTest]: TodoCustomRepositoryTest does not declare any static, non-private, non-final, nested classes annotated with @Configuration.
2020-09-15 15:27:35.533  INFO 3988 --- [           main] .b.t.c.SpringBootTestContextBootstrapper : Found @SpringBootConfiguration com.example.sweater.Application for test class com.example.sweater.repository.custom.TodoCustomRepositoryTest
2020-09-15 15:27:35.534  INFO 3988 --- [           main] .b.t.c.SpringBootTestContextBootstrapper : Loaded default TestExecutionListener class names from location [META-INF/spring.factories]: [org.springframework.test.context.web.ServletTestExecutionListener, org.springframework.test.context.support.DirtiesContextBeforeModesTestExecutionListener, org.springframework.test.context.support.DependencyInjectionTestExecutionListener, org.springframework.test.context.support.DirtiesContextTestExecutionListener, org.springframework.test.context.transaction.TransactionalTestExecutionListener, org.springframework.test.context.jdbc.SqlScriptsTestExecutionListener, org.springframework.boot.test.mock.mockito.MockitoTestExecutionListener, org.springframework.boot.test.mock.mockito.ResetMocksTestExecutionListener, org.springframework.boot.test.autoconfigure.restdocs.RestDocsTestExecutionListener, org.springframework.boot.test.autoconfigure.web.client.MockRestServiceServerResetTestExecutionListener, org.springframework.boot.test.autoconfigure.web.servlet.MockMvcPrintOnlyOnFailureTestExecutionListener, org.springframework.boot.test.autoconfigure.web.servlet.WebDriverTestExecutionListener]
2020-09-15 15:27:35.535  INFO 3988 --- [           main] .b.t.c.SpringBootTestContextBootstrapper : Using TestExecutionListeners: [org.springframework.test.context.web.ServletTestExecutionListener@40ff56f7, org.springframework.test.context.support.DirtiesContextBeforeModesTestExecutionListener@64648af1, org.springframework.boot.test.mock.mockito.MockitoTestExecutionListener@42d65ffc, org.springframework.boot.test.autoconfigure.SpringBootDependencyInjectionTestExecutionListener@4adb2b87, org.springframework.test.context.support.DirtiesContextTestExecutionListener@70a984c5, org.springframework.test.context.transaction.TransactionalTestExecutionListener@30dabb23, org.springframework.test.context.jdbc.SqlScriptsTestExecutionListener@40032b7b, org.springframework.boot.test.mock.mockito.ResetMocksTestExecutionListener@5317a7ef, org.springframework.boot.test.autoconfigure.restdocs.RestDocsTestExecutionListener@6fa48ee4, org.springframework.boot.test.autoconfigure.web.client.MockRestServiceServerResetTestExecutionListener@a422390, org.springframework.boot.test.autoconfigure.web.servlet.MockMvcPrintOnlyOnFailureTestExecutionListener@53c39950, org.springframework.boot.test.autoconfigure.web.servlet.WebDriverTestExecutionListener@3d056418]
 ______     ______   ______     __     __   __     ______        ______     ______     ______     ______  
/\  ___\   /\  == \ /\  == \   /\ \   /\ "-.\ \   /\  ___\      /\  == \   /\  __ \   /\  __ \   /\__  _\ 
\ \___  \  \ \  _-/ \ \  __<   \ \ \  \ \ \-.  \  \ \ \__ \     \ \  __<   \ \ \/\ \  \ \ \/\ \  \/_/\ \/ 
 \/\_____\  \ \_\    \ \_\ \_\  \ \_\  \ \_\\"\_\  \ \_____\     \ \_____\  \ \_____\  \ \_____\    \ \_\ 
  \/_____/   \/_/     \/_/ /_/   \/_/   \/_/ \/_/   \/_____/      \/_____/   \/_____/   \/_____/     \/_/ 
==========================================================================================================
:: Spring Boot :: (v2.1.6.RELEASE)
2020-09-15 15:27:35.559  INFO 3988 --- [           main] c.e.s.r.custom.TodoCustomRepositoryTest  : Starting TodoCustomRepositoryTest on DESKTOP-P40O13H with PID 3988 (started by OK in D:\dev\TodoSpring)
2020-09-15 15:27:35.560  INFO 3988 --- [           main] c.e.s.r.custom.TodoCustomRepositoryTest  : No active profile set, falling back to default profiles: default
2020-09-15 15:27:36.009  INFO 3988 --- [           main] .s.d.r.c.RepositoryConfigurationDelegate : Bootstrapping Spring Data repositories in DEFAULT mode.
2020-09-15 15:27:36.041  INFO 3988 --- [           main] .s.d.r.c.RepositoryConfigurationDelegate : Finished Spring Data repository scanning in 31ms. Found 4 repository interfaces.
2020-09-15 15:27:36.123  INFO 3988 --- [           main] trationDelegate$BeanPostProcessorChecker : Bean 'org.springframework.transaction.annotation.ProxyTransactionManagementConfiguration' of type [org.springframework.transaction.annotation.ProxyTransactionManagementConfiguration$$EnhancerBySpringCGLIB$$4bc0d692] is not eligible for getting processed by all BeanPostProcessors (for example: not eligible for auto-proxying)
2020-09-15 15:27:36.217  INFO 3988 --- [           main] com.zaxxer.hikari.HikariDataSource       : HikariPool-2 - Starting...
2020-09-15 15:27:36.263  INFO 3988 --- [           main] com.zaxxer.hikari.HikariDataSource       : HikariPool-2 - Start completed.
2020-09-15 15:27:36.283  INFO 3988 --- [           main] o.hibernate.jpa.internal.util.LogHelper  : HHH000204: Processing PersistenceUnitInfo [
	name: default
	...]
2020-09-15 15:27:36.293  INFO 3988 --- [           main] org.hibernate.dialect.Dialect            : HHH000400: Using dialect: org.hibernate.dialect.PostgreSQL95Dialect
2020-09-15 15:27:36.380  INFO 3988 --- [           main] o.h.e.j.e.i.LobCreatorBuilderImpl        : HHH000421: Disabling contextual LOB creation as hibernate.jdbc.lob.non_contextual_creation is true
2020-09-15 15:27:36.380  INFO 3988 --- [           main] org.hibernate.type.BasicTypeRegistry     : HHH000270: Type registration [java.util.UUID] overrides previous : org.hibernate.type.UUIDBinaryType@495da9a7
2020-09-15 15:27:36.440  INFO 3988 --- [           main] j.LocalContainerEntityManagerFactoryBean : Initialized JPA EntityManagerFactory for persistence unit 'default'
2020-09-15 15:27:36.516  INFO 3988 --- [           main] o.h.h.i.QueryTranslatorFactoryInitiator  : HHH000397: Using ASTQueryTranslatorFactory
2020-09-15 15:27:36.799  WARN 3988 --- [           main] aWebConfiguration$JpaWebMvcConfiguration : spring.jpa.open-in-view is enabled by default. Therefore, database queries may be performed during view rendering. Explicitly configure spring.jpa.open-in-view to disable this warning
2020-09-15 15:27:36.982  INFO 3988 --- [           main] o.s.s.web.DefaultSecurityFilterChain     : Creating filter chain: any request, [org.springframework.security.web.context.request.async.WebAsyncManagerIntegrationFilter@56f1db5f, org.springframework.security.web.context.SecurityContextPersistenceFilter@2cb3bc0e, org.springframework.security.web.header.HeaderWriterFilter@7e8e111d, org.springframework.security.web.authentication.logout.LogoutFilter@25c6a9de, org.springframework.security.web.authentication.www.BasicAuthenticationFilter@35b5056e, org.springframework.security.web.savedrequest.RequestCacheAwareFilter@511f21f9, org.springframework.security.web.servletapi.SecurityContextHolderAwareRequestFilter@5f97d43e, org.springframework.security.web.authentication.AnonymousAuthenticationFilter@5f05cd7e, org.springframework.security.web.session.SessionManagementFilter@7781b55f, org.springframework.security.web.access.ExceptionTranslationFilter@3d980928, org.springframework.security.web.access.intercept.FilterSecurityInterceptor@74c74c99]
2020-09-15 15:27:37.007  INFO 3988 --- [           main] pertySourcedRequestMappingHandlerMapping : Mapped URL path [/v2/api-docs] onto method [public org.springframework.http.ResponseEntity<springfox.documentation.spring.web.json.Json> springfox.documentation.swagger2.web.Swagger2Controller.getDocumentation(java.lang.String,javax.servlet.http.HttpServletRequest)]
2020-09-15 15:27:37.185  INFO 3988 --- [           main] o.s.s.concurrent.ThreadPoolTaskExecutor  : Initializing ExecutorService 'applicationTaskExecutor'
2020-09-15 15:27:37.391  INFO 3988 --- [           main] d.s.w.p.DocumentationPluginsBootstrapper : Context refreshed
2020-09-15 15:27:37.392  INFO 3988 --- [           main] d.s.w.p.DocumentationPluginsBootstrapper : Found 1 custom documentation plugin(s)
2020-09-15 15:27:37.397  INFO 3988 --- [           main] s.d.s.w.s.ApiListingReferenceScanner     : Scanning for api listing references
2020-09-15 15:27:37.420  INFO 3988 --- [           main] .d.s.w.r.o.CachingOperationNameGenerator : Generating unique operation named: findAllUsingGET_1
2020-09-15 15:27:37.440  INFO 3988 --- [           main] .d.s.w.r.o.CachingOperationNameGenerator : Generating unique operation named: findAllUsingGET_2
2020-09-15 15:27:37.443  INFO 3988 --- [           main] .d.s.w.r.o.CachingOperationNameGenerator : Generating unique operation named: findByIdUsingGET_1
2020-09-15 15:27:37.452  INFO 3988 --- [           main] c.e.s.r.custom.TodoCustomRepositoryTest  : Started TodoCustomRepositoryTest in 1.915 seconds (JVM running for 9.941)
2020-09-15 15:27:37.724  WARN 3988 --- [           main] o.h.engine.jdbc.spi.SqlExceptionHelper   : SQL Error: 0, SQLState: 42P01
2020-09-15 15:27:37.724 ERROR 3988 --- [           main] o.h.engine.jdbc.spi.SqlExceptionHelper   : ОШИБКА: отношение "todos" не существует
  Position: 15
]]></system-out>
  </testcase>
</testsuite>